<?xml version="1.0" encoding="UTF-8"?>
<testng-results skipped="0" failed="0" ignored="2" total="3" passed="1">
  <reporter-output>
  </reporter-output>
  <suite name="TestNGForMaven" duration-ms="15" started-at="2018-12-12T19:13:35Z" finished-at="2018-12-12T19:13:36Z">
    <groups>
    </groups>
    <test name="Command line test" duration-ms="15" started-at="2018-12-12T19:13:35Z" finished-at="2018-12-12T19:13:36Z">
      <class name="TestNGForMaven">
        <test-method status="PASS" signature="f3()[pri:0, instance:TestNGForMaven@35f983a6]" name="f3" duration-ms="0" started-at="2018-12-12T19:13:36Z" finished-at="2018-12-12T19:13:36Z">
          <reporter-output>
          </reporter-output>
        </test-method> <!-- f3 -->
      </class> <!-- TestNGForMaven -->
    </test> <!-- Command line test -->
  </suite> <!-- TestNGForMaven -->
</testng-results>
