<?xml version="1.0" encoding="UTF-8"?>
<!-- Generated by org.testng.reporters.JUnitXMLReporter -->
<testsuite hostname="DESKTOP-BB2GFQJ" ignored="2" tests="1" failures="0" timestamp="12 Dec 2018 19:13:36 GMT" time="0.015" errors="0">
  <testcase name="f3" time="0.0" classname="TestNGForMaven"/>
  <testcase name="f2" time="0.0" classname="TestNGForMaven">
    <ignored/>
  </testcase> <!-- f2 -->
  <testcase name="f1" time="0.0" classname="TestNGForMaven">
    <ignored/>
  </testcase> <!-- f1 -->
</testsuite>
